<?xml version="1.0" encoding="UTF-8"?>
<!-- Generated by org.testng.reporters.JUnitReportReporter -->
<testsuite hostname="Deepikas-MacBook-Air.local" failures="0" tests="1" name="auto.testcases.TestDonatePage" time="14.761" errors="0" timestamp="2020-02-21T17:37:07 EST" skipped="0">
  <testcase classname="auto.testcases.TestDonatePage" name="testDemoPage" time="14.761"/>
</testsuite> <!-- auto.testcases.TestDonatePage -->
