<?xml version="1.0" encoding="UTF-8"?>
<!-- Generated by org.testng.reporters.JUnitReportReporter -->
<testsuite hostname="Deepikas-MacBook-Air.local" failures="0" tests="1" name="auto.testcases.TestWelcomePage" time="10.321" errors="0" timestamp="2020-02-19T12:14:12 EST" skipped="0">
  <testcase classname="auto.testcases.TestWelcomePage" name="testDemoPage" time="10.321"/>
</testsuite> <!-- auto.testcases.TestWelcomePage -->
