<?xml version="1.0" encoding="UTF-8"?>
<!-- Generated by org.testng.reporters.JUnitReportReporter -->
<testsuite hostname="Deepikas-MacBook-Air.local" failures="0" tests="3" name="auto.testcases.TestAlert" time="24.771" errors="0" timestamp="2020-02-19T11:07:44 EST" skipped="0">
  <testcase classname="auto.testcases.TestAlert" name="testClickForJSPrompt" time="7.070"/>
  <testcase classname="auto.testcases.TestAlert" name="testClickForJSAlert" time="10.547"/>
  <testcase classname="auto.testcases.TestAlert" name="testClickForJSConfirm" time="7.154"/>
</testsuite> <!-- auto.testcases.TestAlert -->
